IQ-TREE multicore version 2.2.2.7.modelmix COVID-edition for Mac OS X 64-bit built Jul 13 2023
Developed by Bui Quang Minh, James Barbetti, Nguyen Lam Tung,
Olga Chernomor, Heiko Schmidt, Dominik Schrempf, Michael Woodhams, Ly Trong Nhan.

Host:    baiyilindeMacBook-Air.local (SSE4.2, 8 GB RAM)
Command: /Users/lindsaybai/Desktop/BIOL8706/iqtree-2.2.2.7.modelmix-MacOSX/bin/iqtree2 -s /Users/lindsaybai/Desktop/BIOL8706/one_gene/nad1alignment.fasta -B 1000 -T AUTO
Seed:    813465 (Using SPRNG - Scalable Parallel Random Number Generator)
Time:    Sun Aug 13 18:20:02 2023
Kernel:  SSE2 - auto-detect threads (8 CPU cores detected)

Reading alignment file /Users/lindsaybai/Desktop/BIOL8706/one_gene/nad1alignment.fasta ... Fasta format detected
Reading fasta file: done in 0.00057888 secs using 70.31% CPU
Alignment most likely contains DNA/RNA sequences
Constructing alignment: done in 0.00124192 secs using 208.5% CPU
Alignment has 23 sequences with 909 columns, 412 distinct patterns
365 parsimony-informative, 70 singleton sites, 474 constant sites
                      Gap/Ambiguity  Composition  p-value
Analyzing sequences: done in 6.98566e-05 secs using 345% CPU
   1  6810_C_talismani        0.00%    passed     19.76%
   2  6934_R_robusta          0.00%    passed     32.84%
   3  7031_S_tenuiremis       0.00%    passed      5.88%
   4  7188_A_sargassi         0.33%    failed      0.15%
   5  7200_P_grandis          0.00%    passed      6.94%
   6  7283_R_regalis          3.96%    passed     88.35%
   7  7319_P_armatus          0.33%    passed     60.82%
   8  7455_G_splendens        0.00%    failed      0.99%
   9  7934_R_robusta          0.00%    passed     34.16%
  10  8011_E_arcticus         0.33%    passed     45.17%
  11  8243_N_edwardsii        0.33%    passed     92.58%
  12  8248_P_vigilax          1.32%    failed      0.66%
  13  8251_A_pectinatus       0.33%    passed     59.87%
  14  8254_S_atlanticus       0.33%    failed      3.79%
  15  8262_D_paraseminudus    0.00%    passed     32.27%
  16  8263_D_seminudus        0.00%    passed     31.04%
  17  8265_G_inequalis        0.99%    passed     67.39%
  18  8267_L_lucens           0.00%    passed     28.38%
  19  8270_S_aff_inermis      1.32%    failed      0.34%
  20  8292_D_paraseminudus    0.00%    passed     23.38%
  21  8315_A_pectinatus       0.33%    passed     12.25%
  22  8509_A_japonicus        0.00%    passed     20.09%
  23  8409_R_robusta          0.00%    passed     39.39%
****  TOTAL                   0.43%  5 sequences failed composition chi2 test (p-value<5%; df=3)
Checking for duplicate sequences: done in 0.000219107 secs using 149.2% CPU


Create initial parsimony tree by phylogenetic likelihood library (PLL)... 0.002 seconds
Measuring multi-threading efficiency up to 8 CPU cores
Increase to 10 rounds for branch lengths
591 trees examined
Threads: 1 / Time: 8.007 sec / Speedup: 1.000 / Efficiency: 100% / LogL: -9628
Threads: 2 / Time: 6.947 sec / Speedup: 1.153 / Efficiency: 58% / LogL: -9628
Threads: 3 / Time: 5.127 sec / Speedup: 1.562 / Efficiency: 52% / LogL: -9628
Threads: 4 / Time: 4.292 sec / Speedup: 1.865 / Efficiency: 47% / LogL: -9628
Determining AUTO threadcount: done in 24.3726 secs using 217.7% CPU
BEST NUMBER OF THREADS: 3

Perform fast likelihood tree search using GTR+I+G model...
Estimate model parameters (epsilon = 5.000)
Perform nearest neighbor interchange...
Optimizing NNI: done in 0.016273 secs using 369.7% CPU
Estimate model parameters (epsilon = 1.000)
1. Initial log-likelihood: -7648.535
2. Current log-likelihood: -7646.270
3. Current log-likelihood: -7644.571
4. Current log-likelihood: -7643.420
Optimal log-likelihood: -7642.259
Rate parameters:  A-C: 2.46902  A-G: 49.82645  A-T: 3.71453  C-G: 16.08257  C-T: 100.00000  G-T: 1.00000
Warning! Some parameters hit the boundaries
Base frequencies:  A: 0.271  C: 0.134  G: 0.192  T: 0.404
Proportion of invariable sites: 0.369
Gamma shape alpha: 0.369
Parameters optimization took 4 rounds (0.049 sec)

WARNING: Estimated model parameters are at boundary that can cause numerical instability!

Time for fast ML tree search: 0.158 seconds

NOTE: ModelFinder requires 4 MB RAM!
ModelFinder will test up to 484 DNA models (sample size: 909) ...
 No. Model         -LnL         df  AIC          AICc         BIC
  1  GTR+F         8815.519     51  17733.039    17739.228    17978.468
  2  GTR+F+I       7875.908     52  15855.817    15862.256    16106.058
  3  GTR+F+G4      7699.751     52  15503.503    15509.942    15753.745
  4  GTR+F+I+G4    7641.322     53  15388.645    15395.340    15643.699
  5  GTR+F+R2      7880.709     53  15867.417    15874.112    16122.472
  6  GTR+F+R3      7791.463     55  15692.927    15700.149    15957.606
  7  GTR+F+R4      7738.883     57  15591.765    15599.535    15866.069
  8  GTR+F+R5      7699.224     59  15516.448    15524.787    15800.376
  9  GTR+F+R6      7657.573     61  15437.146    15446.077    15730.699
 10  GTR+F+R7      7653.660     63  15433.319    15442.862    15736.497
 14  GTR+F+I+R2    7687.435     54  15482.870    15489.826    15742.737
 15  GTR+F+I+R3    7626.832     56  15365.664    15373.157    15635.155
 16  GTR+F+I+R4    7621.277     58  15358.554    15366.606    15637.670
 26  SYM+I+G4      7848.527     50  15797.054    15802.998    16037.671
 37  SYM+I+R3      7845.720     53  15797.439    15804.134    16052.493
 38  SYM+I+R4      7844.731     55  15799.463    15806.684    16064.142
 48  TVM+F+I+G4    7653.222     52  15410.444    15416.883    15660.686
 59  TVM+F+I+R3    7632.865     55  15375.730    15382.951    15640.409
 60  TVM+F+I+R4    7626.275     57  15366.549    15374.319    15640.853
 70  TVMe+I+G4     7848.984     49  15795.968    15801.672    16031.773
 81  TVMe+I+R3     7845.663     52  15795.327    15801.766    16045.569
 82  TVMe+I+R4     7845.014     54  15798.027    15804.983    16057.894
 92  TIM3+F+I+G4   7646.111     51  15394.221    15400.410    15639.651
103  TIM3+F+I+R3   7634.259     54  15376.518    15383.474    15636.385
104  TIM3+F+I+R4   7628.405     56  15368.810    15376.303    15638.302
114  TIM3e+I+G4    7871.303     48  15838.605    15844.075    16069.598
125  TIM3e+I+R3    7865.247     51  15832.493    15838.682    16077.923
126  TIM3e+I+R4    7861.505     53  15829.010    15835.705    16084.064
136  TIM2+F+I+G4   7651.745     51  15405.490    15411.679    15650.920
147  TIM2+F+I+R3   7636.679     54  15381.357    15388.313    15641.224
148  TIM2+F+I+R4   7630.893     56  15373.787    15381.280    15643.278
158  TIM2e+I+G4    7891.347     48  15878.694    15884.163    16109.686
169  TIM2e+I+R3    7876.312     51  15854.624    15860.813    16100.053
170  TIM2e+I+R4    7874.286     53  15854.572    15861.266    16109.626
180  TIM+F+I+G4    7652.194     51  15406.387    15412.577    15651.817
191  TIM+F+I+R3    7634.424     54  15376.848    15383.803    15636.714
192  TIM+F+I+R4    7629.088     56  15370.175    15377.668    15639.667
202  TIMe+I+G4     7860.925     48  15817.850    15823.320    16048.843
213  TIMe+I+R3     7854.015     51  15810.030    15816.219    16055.460
WARNING: Log-likelihood -7858.24 of TIMe+I+R4 worse than TIMe+I+R3 -7854.01
214  TIMe+I+R4     7858.239     53  15822.479    15829.173    16077.533
224  TPM3u+F+I+G4  7660.775     50  15421.550    15427.494    15662.167
235  TPM3u+F+I+R3  7639.884     53  15385.768    15392.463    15640.823
236  TPM3u+F+I+R4  7633.082     55  15376.165    15383.386    15640.844
246  TPM3+I+G4     7871.561     47  15837.122    15842.362    16063.302
257  TPM3+I+R3     7865.151     50  15830.302    15836.246    16070.920
WARNING: Log-likelihood -7866.66 of TPM3+I+R4 worse than TPM3+I+R3 -7865.15
258  TPM3+I+R4     7866.661     52  15837.322    15843.761    16087.564
268  TPM2u+F+I+G4  7664.605     50  15429.209    15435.153    15669.826
279  TPM2u+F+I+R3  7641.930     53  15389.859    15396.554    15644.914
280  TPM2u+F+I+R4  7635.949     55  15381.897    15389.119    15646.576
290  TPM2+I+G4     7892.744     47  15879.488    15884.729    16105.668
301  TPM2+I+R3     7877.014     50  15854.028    15859.972    16094.645
302  TPM2+I+R4     7874.801     52  15853.603    15860.042    16103.845
312  K3Pu+F+I+G4   7663.229     50  15426.458    15432.402    15667.075
323  K3Pu+F+I+R3   7639.573     53  15385.147    15391.841    15640.201
324  K3Pu+F+I+R4   7634.032     55  15378.064    15385.285    15642.743
334  K3P+I+G4      7861.828     47  15817.656    15822.896    16043.836
345  K3P+I+R3      7854.174     50  15808.349    15814.293    16048.966
WARNING: Log-likelihood -7858.95 of K3P+I+R4 worse than K3P+I+R3 -7854.17
346  K3P+I+R4      7858.946     52  15821.893    15828.332    16072.135
356  TN+F+I+G4     7652.436     50  15404.872    15410.816    15645.489
367  TN+F+I+R3     7635.639     53  15377.277    15383.972    15632.331
368  TN+F+I+R4     7631.731     55  15373.461    15380.683    15638.140
378  TNe+I+G4      7899.295     47  15892.589    15897.829    16118.769
389  TNe+I+R3      7883.265     50  15866.530    15872.475    16107.148
390  TNe+I+R4      7880.971     52  15865.942    15872.381    16116.183
400  HKY+F+I+G4    7665.125     49  15428.250    15433.954    15664.055
411  HKY+F+I+R3    7640.943     52  15385.886    15392.326    15636.128
412  HKY+F+I+R4    7635.795     54  15379.589    15386.545    15639.456
422  K2P+I+G4      7900.296     46  15892.591    15897.607    16113.959
433  K2P+I+R3      7883.709     49  15865.418    15871.123    16101.223
434  K2P+I+R4      7881.276     51  15864.552    15870.741    16109.982
444  F81+F+I+G4    8386.676     48  16869.352    16874.822    17100.344
455  F81+F+I+R3    8384.940     51  16871.881    16878.070    17117.310
456  F81+F+I+R4    8384.945     53  16875.890    16882.584    17130.944
466  JC+I+G4       8350.229     45  16790.458    16795.255    17007.014
477  JC+I+R3       8349.154     48  16794.308    16799.778    17025.301
478  JC+I+R4       8348.437     50  16796.875    16802.819    17037.492
Akaike Information Criterion:           GTR+F+I+R4
Corrected Akaike Information Criterion: GTR+F+I+R4
Bayesian Information Criterion:         TN+F+I+R3
Best-fit model: TN+F+I+R3 chosen according to BIC

All model information printed to /Users/lindsaybai/Desktop/BIOL8706/one_gene/nad1alignment.fasta.model.gz
CPU time for ModelFinder: 72.304 seconds (0h:1m:12s)
Wall-clock time for ModelFinder: 30.811 seconds (0h:0m:30s)
Generating 1000 samples for ultrafast bootstrap (seed: 813465)...

NOTE: 2 MB RAM (0 GB) is required!
Estimate model parameters (epsilon = 0.100)
1. Initial log-likelihood: -7635.639
Optimal log-likelihood: -7635.626
Rate parameters:  A-C: 1.00000  A-G: 12.65039  A-T: 1.00000  C-G: 1.00000  C-T: 18.54082  G-T: 1.00000
Base frequencies:  A: 0.271  C: 0.134  G: 0.192  T: 0.404
Proportion of invariable sites: 0.486
Site proportion and rates:  (0.198,0.274) (0.251,1.579) (0.064,8.522)
Parameters optimization took 1 rounds (0.007 sec)
Wrote distance file to... 
Computing ML distances based on estimated model parameters...
Calculating distance matrix: done in 0.000933886 secs using 183.5% CPU
Computing ML distances took 0.001001 sec (of wall-clock time) 0.001846 sec (of CPU time)
Setting up auxiliary I and S matrices: done in 3.40939e-05 secs using 352% CPU
Constructing RapidNJ tree: done in 0.000136852 secs using 255.8% CPU
Computing RapidNJ tree took 0.000221 sec (of wall-clock time) 0.000627 sec (of CPU time)
Log-likelihood of RapidNJ tree: -7660.959
--------------------------------------------------------------------
|             INITIALIZING CANDIDATE TREE SET                      |
--------------------------------------------------------------------
Generating 98 parsimony trees... 0.093 second
Computing log-likelihood of 98 initial trees ... 0.096 seconds
Current best score: -7635.626

Do NNI search on 20 best initial trees
Optimizing NNI: done in 0.0110869 secs using 285.6% CPU
Estimate model parameters (epsilon = 0.100)
BETTER TREE FOUND at iteration 1: -7635.620
Optimizing NNI: done in 0.0240772 secs using 299.6% CPU
Estimate model parameters (epsilon = 0.100)
BETTER TREE FOUND at iteration 2: -7627.237
Optimizing NNI: done in 0.0189641 secs using 298.4% CPU
Estimate model parameters (epsilon = 0.100)
BETTER TREE FOUND at iteration 3: -7622.090
Optimizing NNI: done in 0.0212071 secs using 294.7% CPU
Optimizing NNI: done in 0.0258291 secs using 293.9% CPU
Optimizing NNI: done in 0.0178931 secs using 299.8% CPU
Optimizing NNI: done in 0.0224531 secs using 296.2% CPU
Optimizing NNI: done in 0.023526 secs using 296.8% CPU
Optimizing NNI: done in 0.024863 secs using 292.4% CPU
Optimizing NNI: done in 0.0255811 secs using 295.7% CPU
Iteration 10 / LogL: -7623.059 / Time: 0h:0m:31s
Optimizing NNI: done in 0.027647 secs using 293.5% CPU
Optimizing NNI: done in 0.0294631 secs using 294% CPU
Optimizing NNI: done in 0.021363 secs using 299.2% CPU
Optimizing NNI: done in 0.019906 secs using 299.5% CPU
Optimizing NNI: done in 0.0254731 secs using 295.1% CPU
Optimizing NNI: done in 0.0298622 secs using 293.6% CPU
Optimizing NNI: done in 0.046011 secs using 290.3% CPU
Optimizing NNI: done in 0.0199151 secs using 298.5% CPU
Optimizing NNI: done in 0.0218999 secs using 296.6% CPU
Optimizing NNI: done in 0.0286 secs using 298.6% CPU
Iteration 20 / LogL: -7630.687 / Time: 0h:0m:31s
Finish initializing candidate tree set (8)
Current best tree score: -7622.090 / CPU time: 0.742
Number of iterations: 20
--------------------------------------------------------------------
|               OPTIMIZING CANDIDATE TREE SET                      |
--------------------------------------------------------------------
Optimizing NNI: done in 0.01893 secs using 299.7% CPU
Optimizing NNI: done in 0.0277851 secs using 289.4% CPU
Optimizing NNI: done in 0.0207219 secs using 297.8% CPU
Optimizing NNI: done in 0.015414 secs using 299.6% CPU
Optimizing NNI: done in 0.0167842 secs using 300.1% CPU
Optimizing NNI: done in 0.0288301 secs using 294.4% CPU
Optimizing NNI: done in 0.0187399 secs using 299.5% CPU
Optimizing NNI: done in 0.0246139 secs using 295.2% CPU
Optimizing NNI: done in 0.0159998 secs using 295.6% CPU
Optimizing NNI: done in 0.0145969 secs using 299.5% CPU
Iteration 30 / LogL: -7626.802 / Time: 0h:0m:31s (0h:0m:2s left)
Optimizing NNI: done in 0.0296559 secs using 291.8% CPU
Optimizing NNI: done in 0.0202761 secs using 299.6% CPU
Optimizing NNI: done in 0.0124052 secs using 298.2% CPU
Optimizing NNI: done in 0.0242269 secs using 296.9% CPU
Optimizing NNI: done in 0.0365 secs using 292.8% CPU
Optimizing NNI: done in 0.0283251 secs using 295.8% CPU
Optimizing NNI: done in 0.024642 secs using 291.6% CPU
Optimizing NNI: done in 0.0170481 secs using 300.3% CPU
Optimizing NNI: done in 0.0186059 secs using 296.7% CPU
Optimizing NNI: done in 0.0225089 secs using 293.3% CPU
Iteration 40 / LogL: -7625.411 / Time: 0h:0m:32s (0h:0m:2s left)
Optimizing NNI: done in 0.020834 secs using 299.4% CPU
Optimizing NNI: done in 0.0244551 secs using 298.6% CPU
Optimizing NNI: done in 0.017334 secs using 299.9% CPU
Optimizing NNI: done in 0.0221848 secs using 297.1% CPU
Optimizing NNI: done in 0.0192001 secs using 297.3% CPU
Optimizing NNI: done in 0.0147741 secs using 299% CPU
Optimizing NNI: done in 0.0266068 secs using 296.3% CPU
Optimizing NNI: done in 0.024236 secs using 298% CPU
Optimizing NNI: done in 0.022974 secs using 297.1% CPU
Optimizing NNI: done in 0.0207832 secs using 295.8% CPU
Iteration 50 / LogL: -7623.220 / Time: 0h:0m:32s (0h:0m:1s left)
Log-likelihood cutoff on original alignment: -7653.964
Optimizing NNI: done in 0.021842 secs using 298.3% CPU
Optimizing NNI: done in 0.018543 secs using 292.9% CPU
Optimizing NNI: done in 0.0175359 secs using 297.9% CPU
Optimizing NNI: done in 0.0220182 secs using 297.8% CPU
Optimizing NNI: done in 0.0178781 secs using 299.5% CPU
Optimizing NNI: done in 0.034765 secs using 292.8% CPU
Optimizing NNI: done in 0.023401 secs using 298.4% CPU
Optimizing NNI: done in 0.021301 secs using 297% CPU
Optimizing NNI: done in 0.0236828 secs using 298.2% CPU
Optimizing NNI: done in 0.0207081 secs using 240.7% CPU
Iteration 60 / LogL: -7623.351 / Time: 0h:0m:32s (0h:0m:1s left)
Optimizing NNI: done in 0.0150719 secs using 292.7% CPU
Optimizing NNI: done in 0.0131531 secs using 252% CPU
Optimizing NNI: done in 0.030544 secs using 296.4% CPU
Optimizing NNI: done in 0.0200911 secs using 299% CPU
Optimizing NNI: done in 0.018074 secs using 299.6% CPU
Optimizing NNI: done in 0.0183618 secs using 317.8% CPU
Optimizing NNI: done in 0.0183611 secs using 284% CPU
Optimizing NNI: done in 0.0151081 secs using 232.4% CPU
Optimizing NNI: done in 0.0192392 secs using 353.1% CPU
Optimizing NNI: done in 0.0138531 secs using 299.5% CPU
Iteration 70 / LogL: -7623.078 / Time: 0h:0m:32s (0h:0m:0s left)
Optimizing NNI: done in 0.0211592 secs using 259.8% CPU
Optimizing NNI: done in 0.0321031 secs using 282.1% CPU
Optimizing NNI: done in 0.0252399 secs using 282.8% CPU
Optimizing NNI: done in 0.028914 secs using 283% CPU
Optimizing NNI: done in 0.025718 secs using 292.4% CPU
Optimizing NNI: done in 0.0212789 secs using 294.2% CPU
Optimizing NNI: done in 0.0125389 secs using 298.8% CPU
Optimizing NNI: done in 0.0242488 secs using 290.2% CPU
Optimizing NNI: done in 0.028573 secs using 297.9% CPU
Optimizing NNI: done in 0.018332 secs using 299.7% CPU
Iteration 80 / LogL: -7625.399 / Time: 0h:0m:33s (0h:0m:0s left)
Optimizing NNI: done in 0.014534 secs using 299.4% CPU
Optimizing NNI: done in 0.0107629 secs using 299.5% CPU
Optimizing NNI: done in 0.0314631 secs using 291.2% CPU
Optimizing NNI: done in 0.0266869 secs using 295.8% CPU
Optimizing NNI: done in 0.029943 secs using 297.1% CPU
Optimizing NNI: done in 0.015518 secs using 299.6% CPU
Optimizing NNI: done in 0.023751 secs using 297.5% CPU
Optimizing NNI: done in 0.0401731 secs using 293.2% CPU
Optimizing NNI: done in 0.0150859 secs using 299.3% CPU
Optimizing NNI: done in 0.018054 secs using 299.5% CPU
Iteration 90 / LogL: -7623.351 / Time: 0h:0m:33s (0h:0m:0s left)
Optimizing NNI: done in 0.017976 secs using 299.6% CPU
Optimizing NNI: done in 0.0286841 secs using 292.3% CPU
Optimizing NNI: done in 0.0176339 secs using 299.6% CPU
Optimizing NNI: done in 0.0186019 secs using 286.3% CPU
Optimizing NNI: done in 0.0222981 secs using 291.3% CPU
Optimizing NNI: done in 0.030921 secs using 279.2% CPU
Optimizing NNI: done in 0.020509 secs using 300.3% CPU
Optimizing NNI: done in 0.0280271 secs using 295.5% CPU
Optimizing NNI: done in 0.0196409 secs using 299.4% CPU
Optimizing NNI: done in 0.0288739 secs using 299.5% CPU
Iteration 100 / LogL: -7623.025 / Time: 0h:0m:33s (0h:0m:0s left)
Log-likelihood cutoff on original alignment: -7653.964
NOTE: Bootstrap correlation coefficient of split occurrence frequencies: 0.997
Optimizing NNI: done in 0.016758 secs using 295.6% CPU
Optimizing NNI: done in 0.0375409 secs using 296.2% CPU
Optimizing NNI: done in 0.0272579 secs using 292.9% CPU
Optimizing NNI: done in 0.0286989 secs using 270.4% CPU
TREE SEARCH COMPLETED AFTER 104 ITERATIONS / Time: 0h:0m:33s

--------------------------------------------------------------------
|                    FINALIZING TREE SEARCH                        |
--------------------------------------------------------------------
Performs final model parameters optimization
Estimate model parameters (epsilon = 0.010)
1. Initial log-likelihood: -7622.090
2. Current log-likelihood: -7622.079
Optimal log-likelihood: -7622.068
Rate parameters:  A-C: 1.00000  A-G: 13.48328  A-T: 1.00000  C-G: 1.00000  C-T: 20.74061  G-T: 1.00000
Base frequencies:  A: 0.271  C: 0.134  G: 0.192  T: 0.404
Proportion of invariable sites: 0.484
Site proportion and rates:  (0.193,0.231) (0.261,1.486) (0.063,9.063)
Parameters optimization took 2 rounds (0.015 sec)
BEST SCORE FOUND : -7622.068
Creating bootstrap support values...
Split supports printed to NEXUS file /Users/lindsaybai/Desktop/BIOL8706/one_gene/nad1alignment.fasta.splits.nex
Total tree length: 8.947

Total number of iterations: 104
CPU time used for tree search: 8.585 sec (0h:0m:8s)
Wall-clock time used for tree search: 2.878 sec (0h:0m:2s)
Total CPU time used: 81.093 sec (0h:1m:21s)
Total wall-clock time used: 33.764 sec (0h:0m:33s)

Computing bootstrap consensus tree...
Reading input file /Users/lindsaybai/Desktop/BIOL8706/one_gene/nad1alignment.fasta.splits.nex...
23 taxa and 220 splits.
Consensus tree written to /Users/lindsaybai/Desktop/BIOL8706/one_gene/nad1alignment.fasta.contree
Reading input trees file /Users/lindsaybai/Desktop/BIOL8706/one_gene/nad1alignment.fasta.contree
Log-likelihood of consensus tree: -7625.595

Analysis results written to: 
  IQ-TREE report:                /Users/lindsaybai/Desktop/BIOL8706/one_gene/nad1alignment.fasta.iqtree
  Maximum-likelihood tree:       /Users/lindsaybai/Desktop/BIOL8706/one_gene/nad1alignment.fasta.treefile
  Likelihood distances:          /Users/lindsaybai/Desktop/BIOL8706/one_gene/nad1alignment.fasta.mldist

Ultrafast bootstrap approximation results written to:
  Split support values:          /Users/lindsaybai/Desktop/BIOL8706/one_gene/nad1alignment.fasta.splits.nex
  Consensus tree:                /Users/lindsaybai/Desktop/BIOL8706/one_gene/nad1alignment.fasta.contree
  Screen log file:               /Users/lindsaybai/Desktop/BIOL8706/one_gene/nad1alignment.fasta.log

Date and Time: Sun Aug 13 18:20:36 2023
