IQ-TREE multicore version 2.2.2.7.modelmix COVID-edition for Mac OS X 64-bit built Jul 13 2023
Developed by Bui Quang Minh, James Barbetti, Nguyen Lam Tung,
Olga Chernomor, Heiko Schmidt, Dominik Schrempf, Michael Woodhams, Ly Trong Nhan.

Host:    baiyilindeMacBook-Air.local (SSE4.2, 8 GB RAM)
Command: /Users/lindsaybai/Desktop/BIOL8706/iqtree-2.2.2.7.modelmix-MacOSX/bin/iqtree2 -s /Users/lindsaybai/Desktop/BIOL8706/phylogenetic_project/Phylogenetic_project/Data/one_class_single_gene/EOG09150A0E.fna.aln -B 1000 -T AUTO
Seed:    650653 (Using SPRNG - Scalable Parallel Random Number Generator)
Time:    Fri Aug 18 14:58:57 2023
Kernel:  SSE2 - auto-detect threads (8 CPU cores detected)

Reading alignment file /Users/lindsaybai/Desktop/BIOL8706/phylogenetic_project/Phylogenetic_project/Data/one_class_single_gene/EOG09150A0E.fna.aln ... Fasta format detected
Reading fasta file: done in 0.007442 secs using 85.23% CPU
Alignment most likely contains DNA/RNA sequences
Constructing alignment: done in 0.00408697 secs using 545% CPU
Alignment has 155 sequences with 1957 columns, 930 distinct patterns
552 parsimony-informative, 383 singleton sites, 1022 constant sites
                                   Gap/Ambiguity  Composition  p-value
Analyzing sequences: done in 0.000258923 secs using 524.5% CPU
   1  Anopheles_gambiae                   61.98%    passed     17.30%
   2  D_acanthoptera                      59.68%    passed      7.65%
   3  D_affinis                           60.40%    failed      3.77%
   4  D_albomicans                        58.92%    passed     92.51%
   5  D_americana                         58.92%    passed     49.88%
   6  D_ananassae                         60.14%    passed     79.96%
   7  D_arawakana                         60.60%    failed      0.66%
   8  D_arizonae                          59.68%    passed     26.26%
   9  D_asahinai                          58.76%    passed     44.79%
  10  D_athabasca                         58.30%    passed     97.58%
  11  D_aurauria                          58.76%    passed     47.97%
  12  D_azteca                            58.00%    passed     38.05%
  13  D_bakoue                            58.76%    passed     57.69%
  14  D_biarmipes                         59.07%    failed      1.54%
  15  D_bifasciata                        59.38%    passed     93.54%
  16  D_bipectinata                       60.60%    passed     80.81%
  17  D_birchii                           60.14%    passed     25.16%
  18  D_bromeliae                         59.68%    passed      7.00%
  19  D_bunnanda                          60.14%    passed     56.97%
  20  D_burlai                            58.76%    passed     80.38%
  21  D_busckii                           59.22%    passed     82.54%
  22  D_cardini                           58.76%    passed     46.43%
  23  D_cyrtoloma                         59.68%    passed     66.27%
  24  D_differens                         59.68%    passed     50.05%
  25  D_dunni                             58.92%    passed     81.55%
  26  D_elegans                           59.84%    passed     24.78%
  27  D_equinoxialis                      60.60%    failed      1.91%
  28  D_ercepeae                          60.14%    passed     81.90%
  29  D_erecta                            59.07%    passed     22.26%
  30  D_eugracilis                        56.62%    passed     50.21%
  31  D_ficusphila                        59.38%    passed     23.61%
  32  D_funebris                          59.38%    passed     24.70%
  33  D_fuyamai                           59.07%    passed     34.25%
  34  D_grimshawi                         59.68%    passed     41.98%
  35  D_guanche                           27.18%    failed      4.80%
  36  D_guttifera                         59.22%    passed     94.50%
  37  D_heteroneura                       59.68%    passed     37.78%
  38  D_hydei                             61.06%    passed     65.17%
  39  D_immigrans                         59.38%    passed     78.68%
  40  D_immigrans_kari17                  59.38%    passed     82.29%
  41  D_innubila                          58.92%    passed     71.20%
  42  D_insularis                         58.92%    failed      0.17%
  43  D_jambulina                         58.76%    passed     71.42%
  44  D_kanapiae                          60.14%    passed     69.29%
  45  D_kepulauana                        59.07%    passed     88.04%
  46  D_kikkawai                          58.76%    passed     87.18%
  47  D_kurseongensis                     58.92%    passed     38.16%
  48  D_lacteicornis                      58.15%    passed     46.14%
  49  D_leontia                           58.76%    passed     93.11%
  50  D_limitata                          59.68%    passed     30.03%
  51  D_lowei                             59.68%    failed      4.89%
  52  D_lummei                            58.92%    passed     38.74%
  53  D_malerkotliana_malerkotliana       60.60%    passed     78.87%
  54  D_mauritiana                        59.07%    passed     26.42%
  55  D_mayri                             60.14%    passed     28.65%
  56  D_melanogaster                      59.07%    passed     48.98%
  57  D_miranda                           59.68%    passed     74.44%
  58  D_mojavensis                        59.68%    passed     19.25%
  59  D_montana                           60.45%    passed     42.04%
  60  D_bocqueti                          57.38%    passed     94.26%
  61  D_sp_aff_chauvacae                  58.76%    passed     70.14%
  62  D_m_pallens                         60.60%    passed     71.01%
  63  D_murphyi                           59.68%    passed     28.02%
  64  D_mush_saotome                      59.22%    passed     93.49%
  65  D_nannoptera                        59.68%    failed      4.81%
  66  D_nasuta                            58.92%    passed     86.96%
  67  D_navojoa                           61.06%    passed      9.10%
  68  D_neocordata                        58.92%    failed      0.06%
  69  D_neohypocausta                     59.07%    passed     78.62%
  70  D_neonasuta                         59.07%    passed     85.79%
  71  D_nikananu                          58.76%    passed     62.65%
  72  D_novamexicana                      58.92%    passed     36.48%
  73  D_obscura                           59.22%    passed     65.59%
  74  D_ochracea                          59.68%    passed     31.16%
  75  D_orena                             59.07%    passed     24.36%
  76  D_ornatifrons                       59.99%    passed     53.14%
  77  D_pachea                            59.68%    passed     13.55%
  78  D_pallidipennis                     58.61%    passed     18.10%
  79  D_parabipectinata                   60.60%    passed     83.87%
  80  D_parapallidosa                     60.14%    passed     75.82%
  81  D_paucipunta                        59.68%    passed     24.48%
  82  D_paulistorum                       59.22%    failed      1.55%
  83  D_paulistorum_L12                   59.07%    failed      1.08%
  84  D_pectinifera                       60.14%    passed      6.68%
  85  D_persimilis                        58.46%    passed     85.69%
  86  D_planitibia                        59.68%    passed     61.59%
  87  D_p_nigrens                         60.14%    passed     55.55%
  88  D_primaeva                          59.68%    passed     49.70%
  89  D_prolacticillia                    59.53%    failed      1.33%
  90  D_prosaltans                        21.67%    failed      0.00%
  91  D_pruinosa                          59.38%    passed     67.23%
  92  D_pseudoananassae_pseudoananassae   60.14%    passed     58.15%
  93  D_pseudoobscura                     59.38%    passed     83.83%
  94  D_pseudotalamancana                 59.84%    passed     85.65%
  95  D_pulaua                            59.07%    passed     93.02%
  96  D_punjabiensis                      60.76%    passed     39.44%
  97  D_quadrilineata                     59.38%    passed     92.96%
  98  D_repleta                           59.68%    passed     35.66%
  99  D_repletoides                       62.90%    failed      0.12%
 100  D_rhopaloa                          59.07%    passed     28.63%
 101  D_rufa                              58.15%    passed     62.27%
 102  D_saltans                           21.67%    failed      0.00%
 103  D_sechellia                         59.07%    passed     30.90%
 104  D_seguyi                            58.76%    passed     43.16%
 105  D_seriema                           63.92%    passed     93.66%
 106  D_serrata                           59.99%    passed     44.81%
 107  D_silvestris                        59.68%    passed     22.06%
 108  D_simulans                          59.07%    passed     22.84%
 109  D_sproati                           59.68%    passed     48.75%
 110  D_sturtevanti                       21.67%    failed      0.00%
 111  D_subbadia                          73.79%    passed      6.83%
 112  D_subobscura                        56.77%    passed     59.63%
 113  D_subpulchrella                     59.07%    passed      6.87%
 114  D_sulfurigaster_albostrigata        59.07%    passed     93.02%
 115  D_sulfurigaster_bilimbata           58.92%    passed     92.67%
 116  D_sulfurigaster_sulfurigaster       65.66%    passed     41.66%
 117  D_suzukii                           73.48%    passed     17.63%
 118  D_takahashii                        59.07%    passed     32.86%
 119  D_tani                              58.15%    passed     41.76%
 120  D_teissieri_273_3                   59.07%    passed     82.60%
 121  D_triauraria                        58.76%    passed     53.00%
 122  D_tropicalis                        59.07%    failed      0.58%
 123  D_truncata                          60.14%    passed     56.22%
 124  D_villosipedis                      59.68%    passed     32.20%
 125  D_virilis                           59.07%    passed     62.47%
 126  D_vulcana                           58.76%    passed     54.62%
 127  D_wassermani                        60.91%    failed      4.02%
 128  D_watanabei                         58.76%    passed     47.08%
 129  D_willistoni                        55.85%    failed      0.03%
 130  D_yakuba                            59.07%    passed     86.84%
 131  H_duncani                           61.37%    passed     70.08%
 132  L_magnipectinata                    59.38%    passed     66.95%
 133  L_stackelbergi                      59.38%    passed     66.76%
 134  L_varia                             54.62%    failed      0.00%
 135  S_flava                             59.84%    failed      0.19%
 136  S_lebanonensis                      58.92%    failed      2.66%
 137  S_montana                           59.38%    failed      0.17%
 138  S_pallida                           60.91%    failed      3.29%
 139  Z_africanus                         59.99%    passed     36.10%
 140  Z_camerounensis                     59.68%    passed     19.86%
 141  Z_capensis                          59.68%    passed     40.40%
 142  Z_davidi                            58.92%    passed     37.85%
 143  Z_gabonicus                         58.92%    passed     24.01%
 144  Z_ghesquierei                       58.00%    passed     22.35%
 145  Z_indianus_16GNV01                  58.92%    passed     25.39%
 146  Z_inermis                           59.84%    passed     91.48%
 147  Z_kolodkinae                        59.68%    passed     94.74%
 148  Z_lachaisei                         59.53%    passed     31.41%
 149  Z_nigranus                          58.92%    passed     44.42%
 150  Z_ornatusmayotte                    58.30%    passed     53.87%
 151  Z_sepsoides_mayotte                 59.68%    passed     95.21%
 152  Z_taronus                           58.92%    passed     59.30%
 153  Z_tsacasi                           59.68%    passed     97.23%
 154  Z_tsacasi_2                         59.68%    passed     95.64%
 155  Z_vittiger                          58.92%    passed     47.06%
WARNING: 151 sequences contain more than 50% gaps/ambiguity
****  TOTAL                               58.67%  24 sequences failed composition chi2 test (p-value<5%; df=3)
NOTE: D_sulfurigaster_albostrigata is identical to D_pulaua but kept for subsequent analysis
Checking for duplicate sequences: done in 0.000838041 secs using 516% CPU


Create initial parsimony tree by phylogenetic likelihood library (PLL)... 0.014 seconds
Measuring multi-threading efficiency up to 8 CPU cores
Increase to 10 rounds for branch lengths
38 trees examined
Threads: 1 / Time: 8.058 sec / Speedup: 1.000 / Efficiency: 100% / LogL: -49442
Threads: 2 / Time: 6.393 sec / Speedup: 1.260 / Efficiency: 63% / LogL: -49442
Threads: 3 / Time: 4.606 sec / Speedup: 1.749 / Efficiency: 58% / LogL: -49442
Threads: 4 / Time: 3.864 sec / Speedup: 2.086 / Efficiency: 52% / LogL: -49442
Threads: 5 / Time: 5.764 sec / Speedup: 1.398 / Efficiency: 28% / LogL: -49442
Determining AUTO threadcount: done in 28.686 secs using 272% CPU
BEST NUMBER OF THREADS: 4

Perform fast likelihood tree search using GTR+I+G model...
Estimate model parameters (epsilon = 5.000)
Perform nearest neighbor interchange...
Optimizing NNI: done in 0.167055 secs using 393.5% CPU
Estimate model parameters (epsilon = 1.000)
1. Initial log-likelihood: -24744.185
Optimal log-likelihood: -24743.691
Rate parameters:  A-C: 1.34192  A-G: 2.53987  A-T: 1.30266  C-G: 0.76078  C-T: 4.47197  G-T: 1.00000
Base frequencies:  A: 0.230  C: 0.284  G: 0.269  T: 0.217
Proportion of invariable sites: 0.182
Gamma shape alpha: 1.025
Parameters optimization took 1 rounds (0.069 sec)
Time for fast ML tree search: 0.675 seconds

NOTE: ModelFinder requires 50 MB RAM!
ModelFinder will test up to 484 DNA models (sample size: 1957) ...
 No. Model         -LnL         df  AIC          AICc         BIC
  1  GTR+F         26599.285    315 53828.569    53949.886    55586.007
  2  GTR+F+I       25644.129    316 51920.258    52042.419    53683.275
  3  GTR+F+G4      24777.097    316 50186.193    50308.354    51949.211
  4  GTR+F+I+G4    24743.353    317 50120.707    50243.716    51889.303
  5  GTR+F+R2      25015.291    317 50664.582    50787.591    52433.178
  6  GTR+F+R3      24789.159    319 50216.319    50341.034    51996.073
  7  GTR+F+R4      24727.793    321 50097.586    50224.022    51888.498
  8  GTR+F+R5      24721.316    323 50088.631    50216.803    51890.702
 14  GTR+F+I+R2    24844.618    318 50325.235    50449.096    52099.411
 15  GTR+F+I+R3    24743.225    320 50126.451    50252.025    51911.784
 16  GTR+F+I+R4    24715.144    322 50074.289    50201.591    51870.781
 17  GTR+F+I+R5    24714.423    324 50076.846    50205.890    51884.497
 38  SYM+I+R4      24719.053    319 50076.105    50200.821    51855.860
 60  TVM+F+I+R4    24765.133    321 50172.265    50298.702    51963.178
 82  TVMe+I+R4     24768.337    318 50172.674    50296.535    51946.850
104  TIM3+F+I+R4   24750.579    320 50141.158    50266.732    51926.491
126  TIM3e+I+R4    24736.343    317 50106.686    50229.695    51875.282
148  TIM2+F+I+R4   24719.744    320 50079.488    50205.063    51864.822
170  TIM2e+I+R4    24722.566    317 50079.132    50202.141    51847.728
192  TIM+F+I+R4    24743.552    320 50127.103    50252.678    51912.437
214  TIMe+I+R4     24733.523    317 50101.045    50224.055    51869.642
236  TPM3u+F+I+R4  24798.241    319 50234.481    50359.197    52014.236
258  TPM3+I+R4     24783.353    316 50198.706    50320.867    51961.723
280  TPM2u+F+I+R4  24770.982    319 50179.965    50304.681    51959.719
302  TPM2+I+R4     24771.178    316 50174.355    50296.516    51937.372
324  K3Pu+F+I+R4   24792.152    319 50222.304    50347.020    52002.059
346  K3P+I+R4      24779.569    316 50191.138    50313.299    51954.155
368  TN+F+I+R4     24752.554    319 50143.107    50267.823    51922.862
390  TNe+I+R4      24737.874    316 50107.748    50229.909    51870.765
412  HKY+F+I+R4    24801.185    318 50238.370    50362.231    52012.546
434  K2P+I+R4      24784.030    315 50198.059    50319.375    51955.497
456  F81+F+I+R4    25455.774    317 51545.548    51668.557    53314.144
478  JC+I+R4       25401.757    314 51431.514    51551.989    53183.372
Akaike Information Criterion:           GTR+F+I+R4
Corrected Akaike Information Criterion: SYM+I+R4
Bayesian Information Criterion:         TIM2e+I+R4
Best-fit model: TIM2e+I+R4 chosen according to BIC

All model information printed to /Users/lindsaybai/Desktop/BIOL8706/phylogenetic_project/Phylogenetic_project/Data/one_class_single_gene/EOG09150A0E.fna.aln.model.gz
CPU time for ModelFinder: 209.173 seconds (0h:3m:29s)
Wall-clock time for ModelFinder: 61.946 seconds (0h:1m:1s)
Generating 1000 samples for ultrafast bootstrap (seed: 650653)...

NOTE: 22 MB RAM (0 GB) is required!
Estimate model parameters (epsilon = 0.100)
1. Initial log-likelihood: -24722.566
Optimal log-likelihood: -24722.514
Rate parameters:  A-C: 1.37117  A-G: 2.72636  A-T: 1.37117  C-G: 1.00000  C-T: 4.72185  G-T: 1.00000
Base frequencies:  A: 0.250  C: 0.250  G: 0.250  T: 0.250
Proportion of invariable sites: 0.163
Site proportion and rates:  (0.274,0.202) (0.262,0.805) (0.235,1.935) (0.066,4.229)
Parameters optimization took 1 rounds (0.131 sec)
Wrote distance file to... 
Computing ML distances based on estimated model parameters...
Calculating distance matrix: done in 0.0214331 secs using 390.3% CPU
Computing ML distances took 0.021615 sec (of wall-clock time) 0.084187 sec (of CPU time)
Setting up auxiliary I and S matrices: done in 0.000158072 secs using 430.2% CPU
Constructing RapidNJ tree: done in 0.00400805 secs using 452.7% CPU
Computing RapidNJ tree took 0.004195 sec (of wall-clock time) 0.019456 sec (of CPU time)
Log-likelihood of RapidNJ tree: -25127.008
--------------------------------------------------------------------
|             INITIALIZING CANDIDATE TREE SET                      |
--------------------------------------------------------------------
Generating 98 parsimony trees... 1.367 second
Computing log-likelihood of 98 initial trees ... 1.489 seconds
Current best score: -24722.514

Do NNI search on 20 best initial trees
Optimizing NNI: done in 0.169559 secs using 392.4% CPU
Estimate model parameters (epsilon = 0.100)
BETTER TREE FOUND at iteration 1: -24722.354
Optimizing NNI: done in 0.458743 secs using 398.3% CPU
Optimizing NNI: done in 0.473436 secs using 397.6% CPU
Optimizing NNI: done in 0.488229 secs using 389.5% CPU
Optimizing NNI: done in 0.471284 secs using 396.8% CPU
Optimizing NNI: done in 0.484289 secs using 387.4% CPU
Optimizing NNI: done in 0.499541 secs using 396.4% CPU
Optimizing NNI: done in 0.492068 secs using 393% CPU
Optimizing NNI: done in 0.517699 secs using 393.2% CPU
Estimate model parameters (epsilon = 0.100)
BETTER TREE FOUND at iteration 9: -24722.291
Optimizing NNI: done in 0.494075 secs using 394% CPU
Iteration 10 / LogL: -24728.271 / Time: 0h:1m:9s
Optimizing NNI: done in 0.504323 secs using 400.9% CPU
Optimizing NNI: done in 0.494888 secs using 396% CPU
Optimizing NNI: done in 0.504784 secs using 393.4% CPU
Optimizing NNI: done in 0.485005 secs using 393.6% CPU
Optimizing NNI: done in 0.371715 secs using 397.9% CPU
Optimizing NNI: done in 0.38014 secs using 396.5% CPU
Optimizing NNI: done in 0.515345 secs using 391.1% CPU
Optimizing NNI: done in 0.481727 secs using 395.8% CPU
Optimizing NNI: done in 0.489695 secs using 396.6% CPU
Optimizing NNI: done in 0.359924 secs using 398.8% CPU
Iteration 20 / LogL: -24729.954 / Time: 0h:1m:14s
Finish initializing candidate tree set (17)
Current best tree score: -24722.291 / CPU time: 12.315
Number of iterations: 20
--------------------------------------------------------------------
|               OPTIMIZING CANDIDATE TREE SET                      |
--------------------------------------------------------------------
Optimizing NNI: done in 0.410785 secs using 381.9% CPU
Optimizing NNI: done in 0.387481 secs using 394.2% CPU
Optimizing NNI: done in 0.348523 secs using 396.7% CPU
Optimizing NNI: done in 0.351869 secs using 385.6% CPU
Optimizing NNI: done in 0.426733 secs using 392.7% CPU
Optimizing NNI: done in 0.349544 secs using 402.6% CPU
Optimizing NNI: done in 0.307293 secs using 390.5% CPU
Optimizing NNI: done in 0.365364 secs using 398.2% CPU
Optimizing NNI: done in 0.598704 secs using 316.6% CPU
Optimizing NNI: done in 0.270082 secs using 398% CPU
Iteration 30 / LogL: -24833.205 / Time: 0h:1m:18s (0h:0m:45s left)
Optimizing NNI: done in 0.356549 secs using 397.1% CPU
Optimizing NNI: done in 0.340234 secs using 397.6% CPU
Optimizing NNI: done in 0.333708 secs using 389.5% CPU
Optimizing NNI: done in 0.471839 secs using 364.1% CPU
Optimizing NNI: done in 0.417718 secs using 388.3% CPU
Optimizing NNI: done in 0.405809 secs using 395.5% CPU
Optimizing NNI: done in 0.358832 secs using 402% CPU
Optimizing NNI: done in 0.435047 secs using 394.6% CPU
Optimizing NNI: done in 0.372935 secs using 397.6% CPU
Optimizing NNI: done in 0.361065 secs using 396.4% CPU
Iteration 40 / LogL: -24722.293 / Time: 0h:1m:22s (0h:0m:36s left)
Optimizing NNI: done in 0.370732 secs using 398.1% CPU
Optimizing NNI: done in 0.456515 secs using 397.7% CPU
Optimizing NNI: done in 0.317591 secs using 398.1% CPU
Optimizing NNI: done in 0.324745 secs using 397% CPU
Optimizing NNI: done in 0.374251 secs using 398% CPU
Optimizing NNI: done in 0.364977 secs using 397.7% CPU
Optimizing NNI: done in 0.311897 secs using 395.1% CPU
Optimizing NNI: done in 0.382059 secs using 377% CPU
Optimizing NNI: done in 0.439542 secs using 384.4% CPU
Optimizing NNI: done in 0.386825 secs using 385.8% CPU
Iteration 50 / LogL: -24732.453 / Time: 0h:1m:26s (0h:0m:29s left)
Log-likelihood cutoff on original alignment: -24754.297
Optimizing NNI: done in 0.378663 secs using 396.8% CPU
Optimizing NNI: done in 0.445558 secs using 391.9% CPU
Optimizing NNI: done in 0.441096 secs using 391% CPU
Optimizing NNI: done in 0.301936 secs using 398% CPU
Optimizing NNI: done in 0.412018 secs using 397.5% CPU
Optimizing NNI: done in 0.292714 secs using 396.1% CPU
Optimizing NNI: done in 0.249892 secs using 397% CPU
Optimizing NNI: done in 0.42228 secs using 394.2% CPU
Optimizing NNI: done in 0.391577 secs using 399.8% CPU
Optimizing NNI: done in 0.327649 secs using 397.1% CPU
Iteration 60 / LogL: -24741.023 / Time: 0h:1m:30s (0h:0m:23s left)
Optimizing NNI: done in 0.407199 secs using 397.2% CPU
Optimizing NNI: done in 0.297276 secs using 397.2% CPU
Optimizing NNI: done in 0.335387 secs using 397.4% CPU
Optimizing NNI: done in 0.369455 secs using 395.2% CPU
Optimizing NNI: done in 0.414765 secs using 401.7% CPU
Optimizing NNI: done in 0.306596 secs using 397.6% CPU
Optimizing NNI: done in 0.336804 secs using 398.3% CPU
Optimizing NNI: done in 0.350387 secs using 396.2% CPU
Optimizing NNI: done in 0.345282 secs using 397.8% CPU
Optimizing NNI: done in 0.401104 secs using 398.5% CPU
Iteration 70 / LogL: -24722.392 / Time: 0h:1m:33s (0h:0m:18s left)
Optimizing NNI: done in 0.325807 secs using 396.3% CPU
Optimizing NNI: done in 0.343629 secs using 397.9% CPU
Optimizing NNI: done in 0.314414 secs using 397.8% CPU
Optimizing NNI: done in 0.35941 secs using 395.6% CPU
Optimizing NNI: done in 0.378301 secs using 398.3% CPU
Optimizing NNI: done in 0.374937 secs using 398.4% CPU
Optimizing NNI: done in 0.465509 secs using 397.1% CPU
Optimizing NNI: done in 0.422502 secs using 397% CPU
Optimizing NNI: done in 0.408506 secs using 397.2% CPU
Optimizing NNI: done in 0.391029 secs using 397% CPU
Iteration 80 / LogL: -24722.392 / Time: 0h:1m:37s (0h:0m:13s left)
Optimizing NNI: done in 0.254322 secs using 387.7% CPU
Optimizing NNI: done in 0.296294 secs using 404.6% CPU
Optimizing NNI: done in 0.392821 secs using 397.4% CPU
Optimizing NNI: done in 0.379912 secs using 397.3% CPU
Optimizing NNI: done in 0.340647 secs using 396.9% CPU
Optimizing NNI: done in 0.321739 secs using 396% CPU
Optimizing NNI: done in 0.383074 secs using 389.2% CPU
Optimizing NNI: done in 0.389455 secs using 403.1% CPU
Optimizing NNI: done in 0.364288 secs using 395.5% CPU
Optimizing NNI: done in 0.335324 secs using 398% CPU
Iteration 90 / LogL: -24726.484 / Time: 0h:1m:41s (0h:0m:8s left)
Optimizing NNI: done in 0.372763 secs using 370.2% CPU
Optimizing NNI: done in 0.323623 secs using 396.5% CPU
Optimizing NNI: done in 0.472981 secs using 381.9% CPU
Optimizing NNI: done in 0.382271 secs using 392.9% CPU
Optimizing NNI: done in 0.393568 secs using 397.7% CPU
Optimizing NNI: done in 0.297746 secs using 396.6% CPU
Optimizing NNI: done in 0.407254 secs using 397.2% CPU
Optimizing NNI: done in 0.299591 secs using 396.8% CPU
Optimizing NNI: done in 0.314209 secs using 395.2% CPU
Optimizing NNI: done in 0.374466 secs using 397.7% CPU
Iteration 100 / LogL: -24724.303 / Time: 0h:1m:45s (0h:0m:3s left)
Log-likelihood cutoff on original alignment: -24753.351
NOTE: Bootstrap correlation coefficient of split occurrence frequencies: 0.997
Optimizing NNI: done in 0.390115 secs using 397.6% CPU
Optimizing NNI: done in 0.390683 secs using 392.8% CPU
Optimizing NNI: done in 0.37285 secs using 396.6% CPU
Optimizing NNI: done in 0.36565 secs using 399.1% CPU
Optimizing NNI: done in 0.40297 secs using 397.9% CPU
Optimizing NNI: done in 0.282823 secs using 398.1% CPU
Optimizing NNI: done in 0.374627 secs using 396.7% CPU
Optimizing NNI: done in 0.36352 secs using 393.3% CPU
Optimizing NNI: done in 0.387637 secs using 396.3% CPU
Optimizing NNI: done in 0.373019 secs using 398% CPU
Iteration 110 / LogL: -24722.855 / Time: 0h:1m:49s (0h:0m:38s left)
TREE SEARCH COMPLETED AFTER 110 ITERATIONS / Time: 0h:1m:49s

--------------------------------------------------------------------
|                    FINALIZING TREE SEARCH                        |
--------------------------------------------------------------------
Performs final model parameters optimization
Estimate model parameters (epsilon = 0.010)
1. Initial log-likelihood: -24722.291
2. Current log-likelihood: -24722.266
3. Current log-likelihood: -24722.234
4. Current log-likelihood: -24722.215
5. Current log-likelihood: -24722.187
6. Current log-likelihood: -24722.170
7. Current log-likelihood: -24722.145
8. Current log-likelihood: -24722.131
9. Current log-likelihood: -24722.117
10. Current log-likelihood: -24722.104
11. Current log-likelihood: -24722.091
12. Current log-likelihood: -24722.080
Optimal log-likelihood: -24722.064
Rate parameters:  A-C: 1.37267  A-G: 2.72770  A-T: 1.37267  C-G: 1.00000  C-T: 4.72610  G-T: 1.00000
Base frequencies:  A: 0.250  C: 0.250  G: 0.250  T: 0.250
Proportion of invariable sites: 0.160
Site proportion and rates:  (0.272,0.192) (0.267,0.793) (0.237,1.938) (0.065,4.255)
Parameters optimization took 12 rounds (1.307 sec)
BEST SCORE FOUND : -24722.064
Creating bootstrap support values...
Split supports printed to NEXUS file /Users/lindsaybai/Desktop/BIOL8706/phylogenetic_project/Phylogenetic_project/Data/one_class_single_gene/EOG09150A0E.fna.aln.splits.nex
Total tree length: 9.742

Total number of iterations: 110
CPU time used for tree search: 180.170 sec (0h:3m:0s)
Wall-clock time used for tree search: 46.834 sec (0h:0m:46s)
Total CPU time used: 396.727 sec (0h:6m:36s)
Total wall-clock time used: 110.663 sec (0h:1m:50s)

Computing bootstrap consensus tree...
Reading input file /Users/lindsaybai/Desktop/BIOL8706/phylogenetic_project/Phylogenetic_project/Data/one_class_single_gene/EOG09150A0E.fna.aln.splits.nex...
155 taxa and 614 splits.
Consensus tree written to /Users/lindsaybai/Desktop/BIOL8706/phylogenetic_project/Phylogenetic_project/Data/one_class_single_gene/EOG09150A0E.fna.aln.contree
Reading input trees file /Users/lindsaybai/Desktop/BIOL8706/phylogenetic_project/Phylogenetic_project/Data/one_class_single_gene/EOG09150A0E.fna.aln.contree
Log-likelihood of consensus tree: -24722.079

Analysis results written to: 
  IQ-TREE report:                /Users/lindsaybai/Desktop/BIOL8706/phylogenetic_project/Phylogenetic_project/Data/one_class_single_gene/EOG09150A0E.fna.aln.iqtree
  Maximum-likelihood tree:       /Users/lindsaybai/Desktop/BIOL8706/phylogenetic_project/Phylogenetic_project/Data/one_class_single_gene/EOG09150A0E.fna.aln.treefile
  Likelihood distances:          /Users/lindsaybai/Desktop/BIOL8706/phylogenetic_project/Phylogenetic_project/Data/one_class_single_gene/EOG09150A0E.fna.aln.mldist

Ultrafast bootstrap approximation results written to:
  Split support values:          /Users/lindsaybai/Desktop/BIOL8706/phylogenetic_project/Phylogenetic_project/Data/one_class_single_gene/EOG09150A0E.fna.aln.splits.nex
  Consensus tree:                /Users/lindsaybai/Desktop/BIOL8706/phylogenetic_project/Phylogenetic_project/Data/one_class_single_gene/EOG09150A0E.fna.aln.contree
  Screen log file:               /Users/lindsaybai/Desktop/BIOL8706/phylogenetic_project/Phylogenetic_project/Data/one_class_single_gene/EOG09150A0E.fna.aln.log

Date and Time: Fri Aug 18 15:00:48 2023
